<?xml version="1.0" encoding="UTF-8"?>
<testng-results ignored="0" total="2" passed="2" failed="0" skipped="0">
  <reporter-output>
  </reporter-output>
  <suite started-at="2024-03-11T12:10:13 IST" name="TESTSUITE" finished-at="2024-03-11T12:10:20 IST" duration-ms="7075">
    <groups>
    </groups>
    <test started-at="2024-03-11T12:10:13 IST" name="TEST" finished-at="2024-03-11T12:10:20 IST" duration-ms="7075">
      <class name="org.example.TestNGParallelTesting">
        <test-method signature="firstTest()[pri:0, instance:org.example.TestNGParallelTesting@15b204a1]" started-at="2024-03-11T12:10:13 IST" name="firstTest" finished-at="2024-03-11T12:10:20 IST" duration-ms="6997" status="PASS">
          <reporter-output>
          </reporter-output>
        </test-method> <!-- firstTest -->
        <test-method signature="secondTest()[pri:0, instance:org.example.TestNGParallelTesting@15b204a1]" started-at="2024-03-11T12:10:13 IST" name="secondTest" finished-at="2024-03-11T12:10:18 IST" duration-ms="5570" status="PASS">
          <reporter-output>
          </reporter-output>
        </test-method> <!-- secondTest -->
      </class> <!-- org.example.TestNGParallelTesting -->
    </test> <!-- TEST -->
  </suite> <!-- TESTSUITE -->
</testng-results>
